Tensorflow support disabled.
2019-02-05 01:13:43 [DEBUG] 7570 total lines in file
2019-02-05 01:13:43 [INFO ] 7570 valid lines in file
2019-02-05 01:13:43 [DEBUG] Category 0 has 3426 images.
2019-02-05 01:13:43 [DEBUG] Category 1 has 1871 images.
2019-02-05 01:13:43 [DEBUG] Category 2 has 2273 images.
2019-02-05 01:13:45 [DEBUG] Processed 0/7570
2019-02-05 01:13:47 [DEBUG] Processed 100/7570
2019-02-05 01:13:49 [DEBUG] Processed 100/7570
2019-02-05 01:13:51 [DEBUG] Processed 200/7570
2019-02-05 01:13:53 [DEBUG] Processed 200/7570
2019-02-05 01:13:56 [DEBUG] Processed 300/7570
2019-02-05 01:13:58 [DEBUG] Processed 400/7570
2019-02-05 01:14:00 [DEBUG] Processed 400/7570
2019-02-05 01:14:02 [DEBUG] Processed 500/7570
2019-02-05 01:14:04 [DEBUG] Processed 500/7570
2019-02-05 01:14:06 [DEBUG] Processed 600/7570
2019-02-05 01:14:08 [DEBUG] Processed 600/7570
2019-02-05 01:14:10 [DEBUG] Processed 700/7570
2019-02-05 01:14:12 [DEBUG] Processed 800/7570
2019-02-05 01:14:14 [DEBUG] Processed 800/7570
2019-02-05 01:14:16 [DEBUG] Processed 900/7570
2019-02-05 01:14:18 [DEBUG] Processed 900/7570
2019-02-05 01:14:20 [DEBUG] Processed 1000/7570
2019-02-05 01:14:23 [DEBUG] Processed 1100/7570
2019-02-05 01:14:25 [DEBUG] Processed 1100/7570
2019-02-05 01:14:27 [DEBUG] Processed 1200/7570
2019-02-05 01:14:29 [DEBUG] Processed 1200/7570
2019-02-05 01:14:31 [DEBUG] Processed 1300/7570
2019-02-05 01:14:33 [DEBUG] Processed 1300/7570
2019-02-05 01:14:35 [DEBUG] Processed 1400/7570
2019-02-05 01:14:37 [DEBUG] Processed 1500/7570
2019-02-05 01:14:39 [DEBUG] Processed 1500/7570
2019-02-05 01:14:41 [DEBUG] Processed 1600/7570
2019-02-05 01:14:43 [DEBUG] Processed 1600/7570
2019-02-05 01:14:45 [DEBUG] Processed 1700/7570
2019-02-05 01:14:48 [DEBUG] Processed 1800/7570
2019-02-05 01:14:50 [DEBUG] Processed 1800/7570
2019-02-05 01:14:52 [DEBUG] Processed 1900/7570
2019-02-05 01:14:54 [DEBUG] Processed 1900/7570
2019-02-05 01:14:56 [DEBUG] Processed 2000/7570
2019-02-05 01:14:58 [DEBUG] Processed 2100/7570
2019-02-05 01:15:00 [DEBUG] Processed 2100/7570
2019-02-05 01:15:02 [DEBUG] Processed 2200/7570
2019-02-05 01:15:04 [DEBUG] Processed 2200/7570
2019-02-05 01:15:06 [DEBUG] Processed 2300/7570
2019-02-05 01:15:08 [DEBUG] Processed 2300/7570
2019-02-05 01:15:10 [DEBUG] Processed 2400/7570
2019-02-05 01:15:13 [DEBUG] Processed 2500/7570
2019-02-05 01:15:15 [DEBUG] Processed 2600/7570
2019-02-05 01:15:17 [DEBUG] Processed 2700/7570
2019-02-05 01:15:19 [DEBUG] Processed 2800/7570
2019-02-05 01:15:21 [DEBUG] Processed 2900/7570
2019-02-05 01:15:23 [DEBUG] Processed 3000/7570
2019-02-05 01:15:25 [DEBUG] Processed 3100/7570
2019-02-05 01:15:27 [DEBUG] Processed 3300/7570
2019-02-05 01:15:29 [DEBUG] Processed 3400/7570
2019-02-05 01:15:31 [DEBUG] Processed 3500/7570
2019-02-05 01:15:34 [DEBUG] Processed 3600/7570
2019-02-05 01:15:36 [DEBUG] Processed 3700/7570
2019-02-05 01:15:38 [DEBUG] Processed 3800/7570
2019-02-05 01:15:40 [DEBUG] Processed 4000/7570
2019-02-05 01:15:42 [DEBUG] Processed 4100/7570
2019-02-05 01:15:44 [DEBUG] Processed 4200/7570
2019-02-05 01:15:46 [DEBUG] Processed 4300/7570
2019-02-05 01:15:48 [DEBUG] Processed 4400/7570
2019-02-05 01:15:50 [DEBUG] Processed 4500/7570
2019-02-05 01:15:53 [DEBUG] Processed 4700/7570
2019-02-05 01:15:55 [DEBUG] Processed 4800/7570
2019-02-05 01:15:57 [DEBUG] Processed 4900/7570
2019-02-05 01:15:59 [DEBUG] Processed 5000/7570
2019-02-05 01:16:01 [DEBUG] Processed 5100/7570
2019-02-05 01:16:03 [DEBUG] Processed 5200/7570
2019-02-05 01:16:05 [DEBUG] Processed 5400/7570
2019-02-05 01:16:07 [DEBUG] Processed 5500/7570
2019-02-05 01:16:09 [DEBUG] Processed 5600/7570
2019-02-05 01:16:12 [DEBUG] Processed 5700/7570
2019-02-05 01:16:14 [DEBUG] Processed 5800/7570
2019-02-05 01:16:16 [DEBUG] Processed 5900/7570
2019-02-05 01:16:18 [DEBUG] Processed 6100/7570
2019-02-05 01:16:20 [DEBUG] Processed 6200/7570
2019-02-05 01:16:22 [DEBUG] Processed 6300/7570
2019-02-05 01:16:24 [DEBUG] Processed 6400/7570
2019-02-05 01:16:26 [DEBUG] Processed 6500/7570
2019-02-05 01:16:28 [DEBUG] Processed 6600/7570
2019-02-05 01:16:31 [DEBUG] Processed 6800/7570
2019-02-05 01:16:33 [DEBUG] Processed 6900/7570
2019-02-05 01:16:35 [DEBUG] Processed 7000/7570
2019-02-05 01:16:37 [DEBUG] Processed 7100/7570
2019-02-05 01:16:39 [DEBUG] Processed 7200/7570
2019-02-05 01:16:41 [DEBUG] Processed 7300/7570
2019-02-05 01:16:43 [DEBUG] Processed 7500/7570
2019-02-05 01:16:44 [DEBUG] 7570 images loaded
2019-02-05 01:16:44 [INFO ] 7570 images written to database
2019-02-05 01:16:44 [INFO ] Mean saved at "/opt/DIGITS/digits/jobs/20190205-011337-459c/mean.binaryproto"
2019-02-05 01:16:44 [INFO ] Mean saved at "/opt/DIGITS/digits/jobs/20190205-011337-459c/mean.jpg"
